0 info it worked if it ends with ok
1 verbose cli [
1 verbose cli   'C:\\Program Files\\nodejs\\node.exe',
1 verbose cli   'C:\\Users\\panka\\node_modules\\npm\\bin\\npm-cli.js',
1 verbose cli   'install',
1 verbose cli   '--prefix',
1 verbose cli   'frontEnd'
1 verbose cli ]
2 info using npm@2.15.12
3 info using node@v18.19.0
4 verbose readDependencies loading dependencies from C:\Users\panka\Downloads\Mern Projects\Ecommerce\backEnd\frontEnd\package.json
5 error install Couldn't read dependencies
6 verbose stack Error: ENOENT: no such file or directory, open 'C:\Users\panka\Downloads\Mern Projects\Ecommerce\backEnd\frontEnd\package.json'
7 verbose cwd C:\Users\panka\Downloads\Mern Projects\Ecommerce\backEnd
8 error Windows_NT 10.0.19045
9 error argv "C:\\Program Files\\nodejs\\node.exe" "C:\\Users\\panka\\node_modules\\npm\\bin\\npm-cli.js" "install" "--prefix" "frontEnd"
10 error node v18.19.0
11 error npm  v2.15.12
12 error path C:\Users\panka\Downloads\Mern Projects\Ecommerce\backEnd\frontEnd\package.json
13 error code ENOPACKAGEJSON
14 error errno -4058
15 error syscall open
16 error package.json ENOENT: no such file or directory, open 'C:\Users\panka\Downloads\Mern Projects\Ecommerce\backEnd\frontEnd\package.json'
16 error package.json This is most likely not a problem with npm itself.
16 error package.json npm can't find a package.json file in your current directory.
17 verbose exit [ -4058, true ]
